[19:59:02] [main/INFO]: Loading Minecraft 1.20.1 with Fabric Loader 0.14.21
[19:59:02] [main/INFO]: Loading 3 mods:
	- fabricloader 0.14.21
	- java 17
	- minecraft 1.20.1
[19:59:02] [main/INFO]: SpongePowered MIXIN Subsystem Version=0.8.5 Source=file:/C:/Users/SoloAssassin/Downloads/libraries/net/fabricmc/sponge-mixin/0.12.5+mixin.0.8.5/sponge-mixin-0.12.5+mixin.0.8.5.jar Service=Knot/Fabric Env=SERVER
[19:59:15] [main/INFO]: Environment: authHost='https://authserver.mojang.com', accountsHost='https://api.mojang.com', sessionHost='https://sessionserver.mojang.com', servicesHost='https://api.minecraftservices.com', name='PROD'
[19:59:18] [main/INFO]: Loaded 7 recipes
[19:59:18] [main/INFO]: Loaded 1271 advancements
[19:59:20] [Server thread/INFO]: Starting minecraft server version 1.20.1
[19:59:20] [Server thread/INFO]: Loading properties
[19:59:20] [Server thread/INFO]: Default game type: SURVIVAL
[19:59:20] [Server thread/INFO]: Generating keypair
[19:59:20] [Server console handler/ERROR]: Exception handling console input
java.io.IOException: The handle is invalid
	at java.io.FileInputStream.readBytes(Native Method) ~[?:?]
	at java.io.FileInputStream.read(FileInputStream.java:276) ~[?:?]
	at java.io.BufferedInputStream.read1(BufferedInputStream.java:282) ~[?:?]
	at java.io.BufferedInputStream.read(BufferedInputStream.java:343) ~[?:?]
	at sun.nio.cs.StreamDecoder.readBytes(StreamDecoder.java:270) ~[?:?]
	at sun.nio.cs.StreamDecoder.implRead(StreamDecoder.java:313) ~[?:?]
	at sun.nio.cs.StreamDecoder.read(StreamDecoder.java:188) ~[?:?]
	at java.io.InputStreamReader.read(InputStreamReader.java:177) ~[?:?]
	at java.io.BufferedReader.fill(BufferedReader.java:162) ~[?:?]
	at java.io.BufferedReader.readLine(BufferedReader.java:329) ~[?:?]
	at java.io.BufferedReader.readLine(BufferedReader.java:396) ~[?:?]
	at net.minecraft.class_3176$1.run(class_3176.java:89) ~[server-intermediary.jar:?]
[19:59:20] [Server thread/INFO]: Starting Minecraft server on *:25565
[19:59:20] [Server thread/INFO]: Using default channel type
[19:59:21] [Server thread/INFO]: Preparing level "world"
[19:59:28] [Server thread/INFO]: Preparing start region for dimension minecraft:overworld
[19:59:29] [Worker-Main-2/INFO]: Preparing spawn area: 0%
[19:59:29] [Worker-Main-2/INFO]: Preparing spawn area: 0%
[19:59:29] [Worker-Main-2/INFO]: Preparing spawn area: 0%
[19:59:29] [Worker-Main-1/INFO]: Preparing spawn area: 0%
[19:59:30] [Worker-Main-3/INFO]: Preparing spawn area: 0%
[19:59:30] [Worker-Main-3/INFO]: Preparing spawn area: 0%
[19:59:31] [Worker-Main-3/INFO]: Preparing spawn area: 0%
[19:59:31] [Worker-Main-2/INFO]: Preparing spawn area: 1%
[19:59:32] [Worker-Main-3/INFO]: Preparing spawn area: 1%
[19:59:32] [Worker-Main-2/INFO]: Preparing spawn area: 1%
[19:59:33] [Worker-Main-1/INFO]: Preparing spawn area: 2%
[19:59:33] [Worker-Main-2/INFO]: Preparing spawn area: 2%
[19:59:34] [Worker-Main-2/INFO]: Preparing spawn area: 3%
[19:59:34] [Worker-Main-2/INFO]: Preparing spawn area: 4%
[19:59:35] [Worker-Main-2/INFO]: Preparing spawn area: 6%
[19:59:35] [Worker-Main-3/INFO]: Preparing spawn area: 7%
[19:59:36] [Worker-Main-3/INFO]: Preparing spawn area: 9%
[19:59:36] [Worker-Main-1/INFO]: Preparing spawn area: 9%
[19:59:37] [Worker-Main-2/INFO]: Preparing spawn area: 10%
[19:59:37] [Worker-Main-1/INFO]: Preparing spawn area: 12%
[19:59:38] [Worker-Main-1/INFO]: Preparing spawn area: 14%
[19:59:38] [Worker-Main-1/INFO]: Preparing spawn area: 15%
[19:59:39] [Worker-Main-2/INFO]: Preparing spawn area: 17%
[19:59:39] [Worker-Main-1/INFO]: Preparing spawn area: 19%
[19:59:40] [Worker-Main-1/INFO]: Preparing spawn area: 20%
[19:59:40] [Worker-Main-2/INFO]: Preparing spawn area: 22%
[19:59:41] [Worker-Main-2/INFO]: Preparing spawn area: 25%
[19:59:41] [Worker-Main-3/INFO]: Preparing spawn area: 27%
[19:59:42] [Worker-Main-2/INFO]: Preparing spawn area: 29%
[19:59:42] [Worker-Main-1/INFO]: Preparing spawn area: 31%
[19:59:43] [Worker-Main-1/INFO]: Preparing spawn area: 32%
[19:59:43] [Worker-Main-3/INFO]: Preparing spawn area: 34%
[19:59:44] [Worker-Main-2/INFO]: Preparing spawn area: 36%
[19:59:44] [Worker-Main-1/INFO]: Preparing spawn area: 38%
[19:59:45] [Worker-Main-3/INFO]: Preparing spawn area: 41%
[19:59:45] [Worker-Main-1/INFO]: Preparing spawn area: 43%
[19:59:46] [Worker-Main-3/INFO]: Preparing spawn area: 45%
[19:59:46] [Worker-Main-3/INFO]: Preparing spawn area: 47%
[19:59:47] [Worker-Main-2/INFO]: Preparing spawn area: 49%
[19:59:47] [Worker-Main-3/INFO]: Preparing spawn area: 51%
[19:59:48] [Worker-Main-1/INFO]: Preparing spawn area: 54%
[19:59:48] [Worker-Main-3/INFO]: Preparing spawn area: 56%
[19:59:49] [Worker-Main-2/INFO]: Preparing spawn area: 58%
[19:59:49] [Worker-Main-1/INFO]: Preparing spawn area: 61%
[19:59:50] [Worker-Main-2/INFO]: Preparing spawn area: 63%
[19:59:50] [Worker-Main-2/INFO]: Preparing spawn area: 65%
[19:59:51] [Worker-Main-3/INFO]: Preparing spawn area: 68%
[19:59:51] [Worker-Main-1/INFO]: Preparing spawn area: 69%
[19:59:52] [Worker-Main-3/INFO]: Preparing spawn area: 71%
[19:59:52] [Worker-Main-3/INFO]: Preparing spawn area: 72%
[19:59:53] [Worker-Main-3/INFO]: Preparing spawn area: 75%
[19:59:53] [Worker-Main-2/INFO]: Preparing spawn area: 77%
[19:59:54] [Worker-Main-3/INFO]: Preparing spawn area: 79%
[19:59:54] [Worker-Main-2/INFO]: Preparing spawn area: 82%
[19:59:55] [Worker-Main-3/INFO]: Preparing spawn area: 83%
[19:59:55] [Worker-Main-2/INFO]: Preparing spawn area: 85%
[19:59:56] [Worker-Main-3/INFO]: Preparing spawn area: 86%
[19:59:56] [Worker-Main-3/INFO]: Preparing spawn area: 90%
[19:59:57] [Worker-Main-2/INFO]: Preparing spawn area: 92%
[19:59:57] [Worker-Main-1/INFO]: Preparing spawn area: 95%
[19:59:58] [Worker-Main-2/INFO]: Preparing spawn area: 99%
[19:59:58] [Server thread/INFO]: Time elapsed: 30119 ms
[19:59:58] [Server thread/INFO]: Done (37.266s)! For help, type "help"
[19:59:58] [Server thread/INFO]: Stopping server
[19:59:58] [Server thread/INFO]: Saving players
[19:59:58] [Server thread/INFO]: Saving worlds
[20:00:00] [Server thread/INFO]: Saving chunks for level 'ServerLevel[world]'/minecraft:overworld
[20:00:01] [Server thread/INFO]: Saving chunks for level 'ServerLevel[world]'/minecraft:the_nether
[20:00:01] [Server thread/INFO]: Saving chunks for level 'ServerLevel[world]'/minecraft:the_end
[20:00:01] [Server thread/INFO]: ThreadedAnvilChunkStorage (world): All chunks are saved
[20:00:01] [Server thread/INFO]: ThreadedAnvilChunkStorage (DIM-1): All chunks are saved
[20:00:01] [Server thread/INFO]: ThreadedAnvilChunkStorage (DIM1): All chunks are saved
[20:00:01] [Server thread/INFO]: ThreadedAnvilChunkStorage: All dimensions are saved
